app/build/outputs/logs/manifest-merger-debug-report.txt
-- Merging decision tree log ---
manifest
ADDED from src\main\AndroidManifest.xml:1:1-50:12
	package
		ADDED from src\main\AndroidManifest.xml:2:5-31
		INJECTED from src\main\AndroidManifest.xml
		INJECTED from src\main\AndroidManifest.xml
	android:versionName
		ADDED from src\main\AndroidManifest.xml:4:5-30
		INJECTED from src\main\AndroidManifest.xml
		INJECTED from src\main\AndroidManifest.xml
	android:versionCode
		ADDED from src\main\AndroidManifest.xml:3:5-28
		INJECTED from src\main\AndroidManifest.xml
		INJECTED from src\main\AndroidManifest.xml
	xmlns:android
		ADDED from src\main\AndroidManifest.xml:1:11-69
uses-sdk
ADDED from src\main\AndroidManifest.xml:6:5-8:41
	android:targetSdkVersion
		ADDED from src\main\AndroidManifest.xml:8:9-38
		INJECTED from src\main\AndroidManifest.xml
		INJECTED from src\main\AndroidManifest.xml
	android:minSdkVersion
		ADDED from src\main\AndroidManifest.xml:7:9-35
		INJECTED from src\main\AndroidManifest.xml
		INJECTED from src\main\AndroidManifest.xml
uses-permission#android.permission.INTERNET
ADDED from src\main\AndroidManifest.xml:10:5-66
	android:name
		ADDED from src\main\AndroidManifest.xml:10:22-64
uses-permission#android.permission.READ_EXTERNAL_STORAGE
ADDED from src\main\AndroidManifest.xml:11:5-79
	android:name
		ADDED from src\main\AndroidManifest.xml:11:22-77
uses-permission#android.permission.WRITE_EXTERNAL_STORAGE
ADDED from src\main\AndroidManifest.xml:12:5-80
	android:name
		ADDED from src\main\AndroidManifest.xml:12:22-78
application
ADDED from src\main\AndroidManifest.xml:15:5-48:23
	android:label
		ADDED from src\main\AndroidManifest.xml:19:9-41
	android:allowBackup
		ADDED from src\main\AndroidManifest.xml:17:9-35
	android:icon
		ADDED from src\main\AndroidManifest.xml:18:9-45
	android:theme
		ADDED from src\main\AndroidManifest.xml:20:9-62
	android:name
		ADDED from src\main\AndroidManifest.xml:16:9-38
activity#com.tarena.tbook.activity.MainActivity
ADDED from src\main\AndroidManifest.xml:22:9-32:20
	android:label
		ADDED from src\main\AndroidManifest.xml:24:13-45
	android:windowSoftInputMode
		ADDED from src\main\AndroidManifest.xml:25:13-54
	android:name
		ADDED from src\main\AndroidManifest.xml:23:13-50
intent-filter#android.intent.action.MAIN+android.intent.category.LAUNCHER
ADDED from src\main\AndroidManifest.xml:27:13-31:29
action#android.intent.action.MAIN
ADDED from src\main\AndroidManifest.xml:28:17-69
	android:name
		ADDED from src\main\AndroidManifest.xml:28:25-66
category#android.intent.category.LAUNCHER
ADDED from src\main\AndroidManifest.xml:30:17-77
	android:name
		ADDED from src\main\AndroidManifest.xml:30:27-74
activity#com.tarena.tbook.activity.BookDetailActivity
ADDED from src\main\AndroidManifest.xml:33:9-35:66
	android:label
		ADDED from src\main\AndroidManifest.xml:35:13-63
	android:name
		ADDED from src\main\AndroidManifest.xml:34:13-56
activity#com.tarena.tbook.activity.AddressActivity
ADDED from src\main\AndroidManifest.xml:36:9-38:62
	android:label
		ADDED from src\main\AndroidManifest.xml:38:13-59
	android:name
		ADDED from src\main\AndroidManifest.xml:37:13-53
activity#com.tarena.tbook.activity.LoginActivity
ADDED from src\main\AndroidManifest.xml:39:9-41:60
	android:label
		ADDED from src\main\AndroidManifest.xml:41:13-57
	android:name
		ADDED from src\main\AndroidManifest.xml:40:13-51
activity#com.tarena.tbook.activity.RegistActivity
ADDED from src\main\AndroidManifest.xml:42:9-44:61
	android:label
		ADDED from src\main\AndroidManifest.xml:44:13-58
	android:name
		ADDED from src\main\AndroidManifest.xml:43:13-52
activity#com.tarena.tbook.activity.OrderInfoActivity
ADDED from src\main\AndroidManifest.xml:46:17-47:57
	android:name
		ADDED from src\main\AndroidManifest.xml:47:13-55